
════════════════════════════════════════════════════
  Blog Generation (swipestats) — 2026-03-06 18:00
════════════════════════════════════════════════════
Fri Mar  6 06:00:02 PM CET 2026: Next topic: hinge statistics (publish: 2026-03-09)
All done. The blog post has been created and the content plan updated. Here's the final summary:

## Created: Hinge Statistics: The Real Numbers Behind the 'Designed to Be Deleted' App

**File:** `content/posts/hinge-statistics.mdx`
**Category:** Statistics | **Author:** paw | **Publish date:** 2026-03-09

### SEO
- **Primary keyword:** hinge statistics (vol 320, KD 3)
- **Meta title:** Hinge Statistics 2026: Users, Match Rates & Revenue (52 chars)
- **Meta description:** Key Hinge statistics for 2026. Users, revenue, match rates by gender, demographics, and real data from 7,000+ profiles. (119 chars)

### Content
- **Word count:** ~2,600 words
- **H2 sections:** Cheat Sheet, Demographics, Revenue, Match Rates, Male vs Female, How Many Likes, Success Numbers, See Your Stats, FAQ, Sources
- **Internal links:** 7 links across sections
- **Data points:** 20+ stats from Match Group earnings, The Knot, Pew Research, Hinge, SwipeStats
- **Sources:** 7 citations (no competitor sites)

### CONTENT-PLAN.md
- `[x]` marked for hinge statistics

### Needs Attention
- **Thumbnail:** Create image at `public/images/blog/thumbnails/hinge-statistics.png`

Fri Mar  6 06:16:15 PM CET 2026: Blog generation complete for: hinge statistics

════════════════════════════════════════════════════
  Blog Generation (swipestats) — 2026-03-06 21:00
════════════════════════════════════════════════════
Fri Mar  6 09:00:01 PM CET 2026: Next topic: dating app statistics (publish: 2026-03-10)
## Created: Dating App Statistics 2026: The Numbers Behind Your Lonely Friday Nights

**File:** `content/posts/dating-app-statistics.mdx`
**Category:** Statistics | **Author:** paw

### SEO

- **Primary keyword:** dating app statistics (390/mo, KD 42)
- **Meta title:** Dating App Statistics 2026: Real Data from 350M+ Users (54 chars)
- **Meta description:** 2026 dating app statistics from 3,700+ real profiles. Match rates, gender splits, revenue, and what the data means for you. (123 chars)
- **H1:** Dating App Statistics 2026: The Numbers Behind Your Lonely Friday Nights

### Content

- **Word count:** ~2,665 words
- **H2 sections:** The Dating App Numbers Nobody Wants to Hear, Who's Actually on These Apps, Swipe Right Get Ignored, The Message Gap, Dating App Statistics by Race, Do Dating Apps Actually Work, The Billion-Dollar Scam Economy, Tinder vs Bumble vs Hinge, What These Stats Mean for You
- **Internal links:** 8 links (bumble-review, hinge-review, tinder-statistics, how-to-get-more-matches, dating-profile-photos, tinder-review, tinder-vs-bumble, /upload)
- **Data points used:** 14 SwipeStats proprietary statistics (from 3,700+ profiles / 294M swipes)
- **Sources:** 9 citations (Pew Research, Grand View Research, Match Group, Bumble Inc, The Knot, FTC, McAfee, PubMed, SwipeStats)

### Needs Attention

- **Thumbnail:** create image at `public/images/blog/thumbnails/dating-app-statistics.png`
- CONTENT-PLAN.md updated: `[x]` marked for dating app statistics

Fri Mar  6 09:15:34 PM CET 2026: Blog generation complete for: dating app statistics

════════════════════════════════════════════════════
  Blog Generation (swipestats) — 2026-03-07 00:00
════════════════════════════════════════════════════
Sat Mar  7 12:00:01 AM CET 2026: Next topic: best senior dating sites (publish: 2026-03-11)
## Created: Best Senior Dating Sites: Honest Reviews for Singles Over 50

**File:** `content/posts/best-senior-dating-sites.mdx`
**Category:** Guides | **Author:** paw

### SEO

- **Primary keyword:** "senior dating sites" (18,100 vol)
- **Meta title:** "7 Best Senior Dating Sites for Over 50 (2026)" (46 chars)
- **Meta description:** "Compare the best senior dating sites for over 50 and 60. Honest reviews, pricing, and scam tips for SilverSingles, OurTime, and more." (133 chars)
- **H1:** "Best Senior Dating Sites: Honest Reviews for Singles Over 50"

### Content

- **Word count:** ~2,800 words
- **H2 sections:** The Senior Dating Landscape, The 7 Best Senior Dating Sites, Free Senior Dating Sites, How to Not Get Scammed, Can You Actually Find Love After 50?, FAQ
- **Internal links:** 8 links (eharmony-review, hinge-review, bumble-review, bumble-statistics, facebook-dating-review, plenty-of-fish-review, best-dating-apps, dating-profile-photos)
- **Data points used:** 15+ statistics (Pew Research, FBI/FTC, AARP)
- **Sources:** 5 citations

### Needs Attention

- **Thumbnail:** create image at `public/images/blog/thumbnails/best-senior-dating-sites.png`
- CONTENT-PLAN.md updated: `[x]` marked for "best senior dating sites"

Sat Mar  7 12:13:17 AM CET 2026: Blog generation complete for: best senior dating sites

════════════════════════════════════════════════════
  Blog Generation (swipestats) — 2026-03-07 03:00
════════════════════════════════════════════════════
Sat Mar  7 03:00:02 AM CET 2026: Next topic: hinge profile examples (publish: 2026-03-12)
All background research agents have completed. The YouTube research surfaced some incredible stats (like distribution Gini coefficients, conversion funnels) but those are better suited for the existing hinge-statistics post or a future deep-dive. The post already incorporates the most actionable data points for a profile examples guide.

The blog post is complete and ready for publishing. All tasks done.

Sat Mar  7 03:12:59 AM CET 2026: Blog generation complete for: hinge profile examples

════════════════════════════════════════════════════
  Blog Generation (swipestats) — 2026-03-07 06:00
════════════════════════════════════════════════════
Sat Mar  7 06:00:01 AM CET 2026: Next topic: when do hinge likes reset (publish: 2026-03-13)
All sub-agents have completed. The YouTube research surfaced a couple of interesting data points (likes on text prompts 47% more likely to lead to dates, selfies 40% less likely to receive a like), but the post is already written and comprehensive. The content is complete.

Post is done. Here's the final summary:

## Created: When Do Hinge Likes Reset? Everything You Need to Know

**File:** `content/posts/when-do-hinge-likes-reset.mdx`  
**Category:** Guides | **Author:** paw | **Publish date:** 2026-03-13

### SEO
- **Primary keyword:** "when do hinge likes reset" (3,600 vol, LOW competition)
- **Meta title:** When Do Hinge Likes Reset? Reset Time Explained (47 chars)
- **Meta description:** Hinge likes reset at 4 AM local time, not midnight. Learn the daily limit, when Roses reset, and how to time likes for more matches. (132 chars)

### Content
- **Word count:** ~2,090 words
- **H2 sections:** 9 (including FAQ)
- **Internal links:** 8 (all verified against published posts)
- **Data points:** 12+ statistics from SwipeStats data and Hinge research
- **Sources:** 5 citations

### Needs Attention
- **Thumbnail:** Create image at `public/images/blog/thumbnails/when-do-hinge-likes-reset.png`

### CONTENT-PLAN.md
- Updated: `[x] when do hinge likes reset — 2026-03-13`

Sat Mar  7 06:12:31 AM CET 2026: Blog generation complete for: when do hinge likes reset
